<?xml version="1.0" encoding="UTF-8"?>
<testng-results ignored="0" total="7" passed="6" failed="1" skipped="0">
  <reporter-output>
  </reporter-output>
  <suite started-at="2023-06-07T12:24:40 IST" name="Default suite" finished-at="2023-06-07T12:24:50 IST" duration-ms="10626">
    <groups>
    </groups>
    <test started-at="2023-06-07T12:24:40 IST" name="Default test" finished-at="2023-06-07T12:24:50 IST" duration-ms="10626">
      <class name="testCases.loginPageTestcases">
        <test-method is-config="true" signature="setUp()[pri:0, instance:testCases.loginPageTestcases@6ed3ccb2]" started-at="2023-06-07T12:24:37 IST" name="setUp" finished-at="2023-06-07T12:24:40 IST" duration-ms="2845" status="PASS">
          <reporter-output>
          </reporter-output>
        </test-method> <!-- setUp -->
        <test-method is-config="true" signature="clearText()[pri:0, instance:testCases.loginPageTestcases@6ed3ccb2]" started-at="2023-06-07T12:24:40 IST" name="clearText" finished-at="2023-06-07T12:24:40 IST" duration-ms="147" status="PASS">
          <reporter-output>
          </reporter-output>
        </test-method> <!-- clearText -->
        <test-method signature="loginPageTitleTest()[pri:1, instance:testCases.loginPageTestcases@6ed3ccb2]" started-at="2023-06-07T12:24:40 IST" name="loginPageTitleTest" finished-at="2023-06-07T12:24:40 IST" duration-ms="21" status="PASS">
          <reporter-output>
          </reporter-output>
        </test-method> <!-- loginPageTitleTest -->
        <test-method is-config="true" signature="clearText()[pri:0, instance:testCases.loginPageTestcases@6ed3ccb2]" started-at="2023-06-07T12:24:40 IST" name="clearText" finished-at="2023-06-07T12:24:40 IST" duration-ms="82" status="PASS">
          <reporter-output>
          </reporter-output>
        </test-method> <!-- clearText -->
        <test-method signature="crmLogoImageTest()[pri:2, instance:testCases.loginPageTestcases@6ed3ccb2]" started-at="2023-06-07T12:24:40 IST" name="crmLogoImageTest" finished-at="2023-06-07T12:24:40 IST" duration-ms="56" status="PASS">
          <reporter-output>
          </reporter-output>
        </test-method> <!-- crmLogoImageTest -->
        <test-method is-config="true" signature="clearText()[pri:0, instance:testCases.loginPageTestcases@6ed3ccb2]" started-at="2023-06-07T12:24:40 IST" name="clearText" finished-at="2023-06-07T12:24:40 IST" duration-ms="85" status="PASS">
          <reporter-output>
          </reporter-output>
        </test-method> <!-- clearText -->
        <test-method signature="emptyEmail()[pri:3, instance:testCases.loginPageTestcases@6ed3ccb2]" started-at="2023-06-07T12:24:40 IST" name="emptyEmail" finished-at="2023-06-07T12:24:42 IST" duration-ms="1434" status="FAIL">
          <exception class="java.lang.AssertionError">
            <message>
              <![CDATA[null]]>
            </message>
            <full-stacktrace>
              <![CDATA[java.lang.AssertionError: null
at org.testng.Assert.fail(Assert.java:99)
at org.testng.Assert.fail(Assert.java:106)
at testCases.loginPageTestcases.emptyEmail(loginPageTestcases.java:76)
at java.base/jdk.internal.reflect.DirectMethodHandleAccessor.invoke(DirectMethodHandleAccessor.java:104)
at java.base/java.lang.reflect.Method.invoke(Method.java:578)
at org.testng.internal.MethodInvocationHelper.invokeMethod(MethodInvocationHelper.java:133)
at org.testng.internal.TestInvoker.invokeMethod(TestInvoker.java:598)
at org.testng.internal.TestInvoker.invokeTestMethod(TestInvoker.java:173)
at org.testng.internal.MethodRunner.runInSequence(MethodRunner.java:46)
at org.testng.internal.TestInvoker$MethodInvocationAgent.invoke(TestInvoker.java:824)
at org.testng.internal.TestInvoker.invokeTestMethods(TestInvoker.java:146)
at org.testng.internal.TestMethodWorker.invokeTestMethods(TestMethodWorker.java:146)
at org.testng.internal.TestMethodWorker.run(TestMethodWorker.java:128)
at java.base/java.util.ArrayList.forEach(ArrayList.java:1511)
at org.testng.TestRunner.privateRun(TestRunner.java:794)
at org.testng.TestRunner.run(TestRunner.java:596)
at org.testng.SuiteRunner.runTest(SuiteRunner.java:377)
at org.testng.SuiteRunner.runSequentially(SuiteRunner.java:371)
at org.testng.SuiteRunner.privateRun(SuiteRunner.java:332)
at org.testng.SuiteRunner.run(SuiteRunner.java:276)
at org.testng.SuiteRunnerWorker.runSuite(SuiteRunnerWorker.java:53)
at org.testng.SuiteRunnerWorker.run(SuiteRunnerWorker.java:96)
at org.testng.TestNG.runSuitesSequentially(TestNG.java:1212)
at org.testng.TestNG.runSuitesLocally(TestNG.java:1134)
at org.testng.TestNG.runSuites(TestNG.java:1063)
at org.testng.TestNG.run(TestNG.java:1031)
at org.testng.remote.AbstractRemoteTestNG.run(AbstractRemoteTestNG.java:115)
at org.testng.remote.RemoteTestNG.initAndRun(RemoteTestNG.java:251)
at org.testng.remote.RemoteTestNG.main(RemoteTestNG.java:77)
]]>
            </full-stacktrace>
          </exception> <!-- java.lang.AssertionError -->
          <reporter-output>
          </reporter-output>
        </test-method> <!-- emptyEmail -->
        <test-method is-config="true" signature="clearText()[pri:0, instance:testCases.loginPageTestcases@6ed3ccb2]" started-at="2023-06-07T12:24:42 IST" name="clearText" finished-at="2023-06-07T12:24:42 IST" duration-ms="111" status="PASS">
          <reporter-output>
          </reporter-output>
        </test-method> <!-- clearText -->
        <test-method signature="emptyPassword()[pri:4, instance:testCases.loginPageTestcases@6ed3ccb2]" started-at="2023-06-07T12:24:42 IST" name="emptyPassword" finished-at="2023-06-07T12:24:43 IST" duration-ms="1217" status="PASS">
          <reporter-output>
          </reporter-output>
        </test-method> <!-- emptyPassword -->
        <test-method is-config="true" signature="clearText()[pri:0, instance:testCases.loginPageTestcases@6ed3ccb2]" started-at="2023-06-07T12:24:43 IST" name="clearText" finished-at="2023-06-07T12:24:43 IST" duration-ms="101" status="PASS">
          <reporter-output>
          </reporter-output>
        </test-method> <!-- clearText -->
        <test-method signature="incorrectEmail()[pri:5, instance:testCases.loginPageTestcases@6ed3ccb2]" started-at="2023-06-07T12:24:43 IST" name="incorrectEmail" finished-at="2023-06-07T12:24:45 IST" duration-ms="1588" status="PASS">
          <reporter-output>
          </reporter-output>
        </test-method> <!-- incorrectEmail -->
        <test-method is-config="true" signature="clearText()[pri:0, instance:testCases.loginPageTestcases@6ed3ccb2]" started-at="2023-06-07T12:24:45 IST" name="clearText" finished-at="2023-06-07T12:24:45 IST" duration-ms="100" status="PASS">
          <reporter-output>
          </reporter-output>
        </test-method> <!-- clearText -->
        <test-method signature="incorrectPassword()[pri:6, instance:testCases.loginPageTestcases@6ed3ccb2]" started-at="2023-06-07T12:24:45 IST" name="incorrectPassword" finished-at="2023-06-07T12:24:46 IST" duration-ms="1546" status="PASS">
          <reporter-output>
          </reporter-output>
        </test-method> <!-- incorrectPassword -->
        <test-method is-config="true" signature="clearText()[pri:0, instance:testCases.loginPageTestcases@6ed3ccb2]" started-at="2023-06-07T12:24:46 IST" name="clearText" finished-at="2023-06-07T12:24:46 IST" duration-ms="81" status="PASS">
          <reporter-output>
          </reporter-output>
        </test-method> <!-- clearText -->
        <test-method signature="correctCredentials()[pri:7, instance:testCases.loginPageTestcases@6ed3ccb2]" started-at="2023-06-07T12:24:46 IST" name="correctCredentials" finished-at="2023-06-07T12:24:50 IST" duration-ms="3985" status="PASS">
          <reporter-output>
          </reporter-output>
        </test-method> <!-- correctCredentials -->
        <test-method is-config="true" signature="closeBrowser()[pri:0, instance:testCases.loginPageTestcases@6ed3ccb2]" started-at="2023-06-07T12:24:50 IST" name="closeBrowser" finished-at="2023-06-07T12:24:51 IST" duration-ms="187" status="PASS">
          <reporter-output>
          </reporter-output>
        </test-method> <!-- closeBrowser -->
      </class> <!-- testCases.loginPageTestcases -->
    </test> <!-- Default test -->
  </suite> <!-- Default suite -->
</testng-results>
